{"numFailedTestSuites":1,"numFailedTests":4,"numPassedTestSuites":0,"numPassedTests":5,"numPendingTestSuites":0,"numPendingTests":0,"numRuntimeErrorTestSuites":0,"numTodoTests":0,"numTotalTestSuites":1,"numTotalTests":9,"openHandles":[],"snapshot":{"added":0,"didUpdate":false,"failure":false,"filesAdded":0,"filesRemoved":0,"filesRemovedList":[],"filesUnmatched":0,"filesUpdated":0,"matched":0,"total":0,"unchecked":0,"uncheckedKeysByFile":[],"unmatched":0,"updated":0},"startTime":1750426510474,"success":false,"testResults":[{"assertionResults":[{"ancestorTitles":["Parameter Utilities","extractParams"],"duration":4,"failureDetails":[],"failureMessages":[],"fullName":"Parameter Utilities extractParams should extract simple parameters","invocations":1,"location":null,"numPassingAsserts":1,"retryReasons":[],"status":"passed","title":"should extract simple parameters"},{"ancestorTitles":["Parameter Utilities","extractParams"],"duration":1,"failureDetails":[],"failureMessages":[],"fullName":"Parameter Utilities extractParams should handle default parameters","invocations":1,"location":null,"numPassingAsserts":1,"retryReasons":[],"status":"passed","title":"should handle default parameters"},{"ancestorTitles":["Parameter Utilities","extractParams"],"duration":0,"failureDetails":[],"failureMessages":[],"fullName":"Parameter Utilities extractParams should handle rest parameters","invocations":1,"location":null,"numPassingAsserts":1,"retryReasons":[],"status":"passed","title":"should handle rest parameters"},{"ancestorTitles":["Parameter Utilities","extractParams"],"duration":1,"failureDetails":[],"failureMessages":[],"fullName":"Parameter Utilities extractParams should handle destructured parameters","invocations":1,"location":null,"numPassingAsserts":1,"retryReasons":[],"status":"passed","title":"should handle destructured parameters"},{"ancestorTitles":["Parameter Utilities","generateParamDocs"],"duration":1,"failureDetails":[{}],"failureMessages":["TypeError: Cannot read properties of undefined (reading 'simple')\n    at simple (C:\\Users\\DELL\\OneDrive\\Documents\\code-commenter\\src\\param-utils.js:71:8)\n    at Object.generateParamDocs (C:\\Users\\DELL\\OneDrive\\Documents\\code-commenter\\test\\param-utils.test.js:81:22)\n    at Promise.then.completed (C:\\Users\\DELL\\OneDrive\\Documents\\code-commenter\\node_modules\\jest-circus\\build\\utils.js:298:28)\n    at new Promise (<anonymous>)\n    at callAsyncCircusFn (C:\\Users\\DELL\\OneDrive\\Documents\\code-commenter\\node_modules\\jest-circus\\build\\utils.js:231:10)\n    at _callCircusTest (C:\\Users\\DELL\\OneDrive\\Documents\\code-commenter\\node_modules\\jest-circus\\build\\run.js:316:40)\n    at _runTest (C:\\Users\\DELL\\OneDrive\\Documents\\code-commenter\\node_modules\\jest-circus\\build\\run.js:252:3)\n    at _runTestsForDescribeBlock (C:\\Users\\DELL\\OneDrive\\Documents\\code-commenter\\node_modules\\jest-circus\\build\\run.js:126:9)\n    at _runTestsForDescribeBlock (C:\\Users\\DELL\\OneDrive\\Documents\\code-commenter\\node_modules\\jest-circus\\build\\run.js:121:9)\n    at _runTestsForDescribeBlock (C:\\Users\\DELL\\OneDrive\\Documents\\code-commenter\\node_modules\\jest-circus\\build\\run.js:121:9)\n    at run (C:\\Users\\DELL\\OneDrive\\Documents\\code-commenter\\node_modules\\jest-circus\\build\\run.js:71:3)\n    at runAndTransformResultsToJestFormat (C:\\Users\\DELL\\OneDrive\\Documents\\code-commenter\\node_modules\\jest-circus\\build\\legacy-code-todo-rewrite\\jestAdapterInit.js:122:21)\n    at jestAdapter (C:\\Users\\DELL\\OneDrive\\Documents\\code-commenter\\node_modules\\jest-circus\\build\\legacy-code-todo-rewrite\\jestAdapter.js:79:19)\n    at runTestInternal (C:\\Users\\DELL\\OneDrive\\Documents\\code-commenter\\node_modules\\jest-runner\\build\\runTest.js:367:16)\n    at runTest (C:\\Users\\DELL\\OneDrive\\Documents\\code-commenter\\node_modules\\jest-runner\\build\\runTest.js:444:34)"],"fullName":"Parameter Utilities generateParamDocs should generate JSDoc for simple parameters","invocations":1,"location":null,"numPassingAsserts":0,"retryReasons":[],"status":"failed","title":"should generate JSDoc for simple parameters"},{"ancestorTitles":["Parameter Utilities","generateParamDocs"],"duration":1,"failureDetails":[{}],"failureMessages":["TypeError: Cannot read properties of undefined (reading 'simple')\n    at simple (C:\\Users\\DELL\\OneDrive\\Documents\\code-commenter\\src\\param-utils.js:71:8)\n    at Object.generateParamDocs (C:\\Users\\DELL\\OneDrive\\Documents\\code-commenter\\test\\param-utils.test.js:89:22)\n    at Promise.then.completed (C:\\Users\\DELL\\OneDrive\\Documents\\code-commenter\\node_modules\\jest-circus\\build\\utils.js:298:28)\n    at new Promise (<anonymous>)\n    at callAsyncCircusFn (C:\\Users\\DELL\\OneDrive\\Documents\\code-commenter\\node_modules\\jest-circus\\build\\utils.js:231:10)\n    at _callCircusTest (C:\\Users\\DELL\\OneDrive\\Documents\\code-commenter\\node_modules\\jest-circus\\build\\run.js:316:40)\n    at _runTest (C:\\Users\\DELL\\OneDrive\\Documents\\code-commenter\\node_modules\\jest-circus\\build\\run.js:252:3)\n    at _runTestsForDescribeBlock (C:\\Users\\DELL\\OneDrive\\Documents\\code-commenter\\node_modules\\jest-circus\\build\\run.js:126:9)\n    at _runTestsForDescribeBlock (C:\\Users\\DELL\\OneDrive\\Documents\\code-commenter\\node_modules\\jest-circus\\build\\run.js:121:9)\n    at _runTestsForDescribeBlock (C:\\Users\\DELL\\OneDrive\\Documents\\code-commenter\\node_modules\\jest-circus\\build\\run.js:121:9)\n    at run (C:\\Users\\DELL\\OneDrive\\Documents\\code-commenter\\node_modules\\jest-circus\\build\\run.js:71:3)\n    at runAndTransformResultsToJestFormat (C:\\Users\\DELL\\OneDrive\\Documents\\code-commenter\\node_modules\\jest-circus\\build\\legacy-code-todo-rewrite\\jestAdapterInit.js:122:21)\n    at jestAdapter (C:\\Users\\DELL\\OneDrive\\Documents\\code-commenter\\node_modules\\jest-circus\\build\\legacy-code-todo-rewrite\\jestAdapter.js:79:19)\n    at runTestInternal (C:\\Users\\DELL\\OneDrive\\Documents\\code-commenter\\node_modules\\jest-runner\\build\\runTest.js:367:16)\n    at runTest (C:\\Users\\DELL\\OneDrive\\Documents\\code-commenter\\node_modules\\jest-runner\\build\\runTest.js:444:34)"],"fullName":"Parameter Utilities generateParamDocs should handle arrow functions","invocations":1,"location":null,"numPassingAsserts":0,"retryReasons":[],"status":"failed","title":"should handle arrow functions"},{"ancestorTitles":["Parameter Utilities","generateParamDocs"],"duration":1,"failureDetails":[{}],"failureMessages":["TypeError: Cannot read properties of undefined (reading 'simple')\n    at simple (C:\\Users\\DELL\\OneDrive\\Documents\\code-commenter\\src\\param-utils.js:71:8)\n    at Object.generateParamDocs (C:\\Users\\DELL\\OneDrive\\Documents\\code-commenter\\test\\param-utils.test.js:101:22)\n    at Promise.then.completed (C:\\Users\\DELL\\OneDrive\\Documents\\code-commenter\\node_modules\\jest-circus\\build\\utils.js:298:28)\n    at new Promise (<anonymous>)\n    at callAsyncCircusFn (C:\\Users\\DELL\\OneDrive\\Documents\\code-commenter\\node_modules\\jest-circus\\build\\utils.js:231:10)\n    at _callCircusTest (C:\\Users\\DELL\\OneDrive\\Documents\\code-commenter\\node_modules\\jest-circus\\build\\run.js:316:40)\n    at _runTest (C:\\Users\\DELL\\OneDrive\\Documents\\code-commenter\\node_modules\\jest-circus\\build\\run.js:252:3)\n    at _runTestsForDescribeBlock (C:\\Users\\DELL\\OneDrive\\Documents\\code-commenter\\node_modules\\jest-circus\\build\\run.js:126:9)\n    at _runTestsForDescribeBlock (C:\\Users\\DELL\\OneDrive\\Documents\\code-commenter\\node_modules\\jest-circus\\build\\run.js:121:9)\n    at _runTestsForDescribeBlock (C:\\Users\\DELL\\OneDrive\\Documents\\code-commenter\\node_modules\\jest-circus\\build\\run.js:121:9)\n    at run (C:\\Users\\DELL\\OneDrive\\Documents\\code-commenter\\node_modules\\jest-circus\\build\\run.js:71:3)\n    at runAndTransformResultsToJestFormat (C:\\Users\\DELL\\OneDrive\\Documents\\code-commenter\\node_modules\\jest-circus\\build\\legacy-code-todo-rewrite\\jestAdapterInit.js:122:21)\n    at jestAdapter (C:\\Users\\DELL\\OneDrive\\Documents\\code-commenter\\node_modules\\jest-circus\\build\\legacy-code-todo-rewrite\\jestAdapter.js:79:19)\n    at runTestInternal (C:\\Users\\DELL\\OneDrive\\Documents\\code-commenter\\node_modules\\jest-runner\\build\\runTest.js:367:16)\n    at runTest (C:\\Users\\DELL\\OneDrive\\Documents\\code-commenter\\node_modules\\jest-runner\\build\\runTest.js:444:34)"],"fullName":"Parameter Utilities generateParamDocs should handle methods","invocations":1,"location":null,"numPassingAsserts":0,"retryReasons":[],"status":"failed","title":"should handle methods"},{"ancestorTitles":["Parameter Utilities","generateParamDocs"],"duration":1,"failureDetails":[{}],"failureMessages":["TypeError: Cannot read properties of undefined (reading 'simple')\n    at simple (C:\\Users\\DELL\\OneDrive\\Documents\\code-commenter\\src\\param-utils.js:71:8)\n    at Object.generateParamDocs (C:\\Users\\DELL\\OneDrive\\Documents\\code-commenter\\test\\param-utils.test.js:116:22)\n    at Promise.then.completed (C:\\Users\\DELL\\OneDrive\\Documents\\code-commenter\\node_modules\\jest-circus\\build\\utils.js:298:28)\n    at new Promise (<anonymous>)\n    at callAsyncCircusFn (C:\\Users\\DELL\\OneDrive\\Documents\\code-commenter\\node_modules\\jest-circus\\build\\utils.js:231:10)\n    at _callCircusTest (C:\\Users\\DELL\\OneDrive\\Documents\\code-commenter\\node_modules\\jest-circus\\build\\run.js:316:40)\n    at _runTest (C:\\Users\\DELL\\OneDrive\\Documents\\code-commenter\\node_modules\\jest-circus\\build\\run.js:252:3)\n    at _runTestsForDescribeBlock (C:\\Users\\DELL\\OneDrive\\Documents\\code-commenter\\node_modules\\jest-circus\\build\\run.js:126:9)\n    at _runTestsForDescribeBlock (C:\\Users\\DELL\\OneDrive\\Documents\\code-commenter\\node_modules\\jest-circus\\build\\run.js:121:9)\n    at _runTestsForDescribeBlock (C:\\Users\\DELL\\OneDrive\\Documents\\code-commenter\\node_modules\\jest-circus\\build\\run.js:121:9)\n    at run (C:\\Users\\DELL\\OneDrive\\Documents\\code-commenter\\node_modules\\jest-circus\\build\\run.js:71:3)\n    at runAndTransformResultsToJestFormat (C:\\Users\\DELL\\OneDrive\\Documents\\code-commenter\\node_modules\\jest-circus\\build\\legacy-code-todo-rewrite\\jestAdapterInit.js:122:21)\n    at jestAdapter (C:\\Users\\DELL\\OneDrive\\Documents\\code-commenter\\node_modules\\jest-circus\\build\\legacy-code-todo-rewrite\\jestAdapter.js:79:19)\n    at runTestInternal (C:\\Users\\DELL\\OneDrive\\Documents\\code-commenter\\node_modules\\jest-runner\\build\\runTest.js:367:16)\n    at runTest (C:\\Users\\DELL\\OneDrive\\Documents\\code-commenter\\node_modules\\jest-runner\\build\\runTest.js:444:34)"],"fullName":"Parameter Utilities generateParamDocs should handle complex parameter patterns","invocations":1,"location":null,"numPassingAsserts":0,"retryReasons":[],"status":"failed","title":"should handle complex parameter patterns"},{"ancestorTitles":["Parameter Utilities","generateParamDocs"],"duration":14,"failureDetails":[],"failureMessages":[],"fullName":"Parameter Utilities generateParamDocs should return empty string for invalid code","invocations":1,"location":null,"numPassingAsserts":1,"retryReasons":[],"status":"passed","title":"should return empty string for invalid code"}],"endTime":1750426511031,"message":"\u001b[1m\u001b[31m  \u001b[1m● \u001b[22m\u001b[1mParameter Utilities › generateParamDocs › should generate JSDoc for simple parameters\u001b[39m\u001b[22m\n\n    TypeError: Cannot read properties of undefined (reading 'simple')\n\u001b[2m\u001b[22m\n\u001b[2m    \u001b[0m \u001b[90m 69 |\u001b[39m   \u001b[36mlet\u001b[39m paramDocs \u001b[33m=\u001b[39m []\u001b[33m;\u001b[39m\u001b[22m\n\u001b[2m     \u001b[90m 70 |\u001b[39m   \u001b[22m\n\u001b[2m    \u001b[31m\u001b[1m>\u001b[22m\u001b[2m\u001b[39m\u001b[90m 71 |\u001b[39m   walk\u001b[33m.\u001b[39msimple(ast\u001b[33m,\u001b[39m {\u001b[22m\n\u001b[2m     \u001b[90m    |\u001b[39m        \u001b[31m\u001b[1m^\u001b[22m\u001b[2m\u001b[39m\u001b[22m\n\u001b[2m     \u001b[90m 72 |\u001b[39m     \u001b[33mFunctionDeclaration\u001b[39m(node) {\u001b[22m\n\u001b[2m     \u001b[90m 73 |\u001b[39m       paramDocs \u001b[33m=\u001b[39m extractParams(node)\u001b[33m.\u001b[39mmap(\u001b[22m\n\u001b[2m     \u001b[90m 74 |\u001b[39m         param \u001b[33m=>\u001b[39m \u001b[32m` * @param {${param.type}} ${param.name} - Description`\u001b[39m\u001b[0m\u001b[22m\n\u001b[2m\u001b[22m\n\u001b[2m      \u001b[2mat simple (\u001b[22m\u001b[2msrc/param-utils.js\u001b[2m:71:8)\u001b[22m\u001b[2m\u001b[22m\n\u001b[2m      \u001b[2mat Object.generateParamDocs (\u001b[22m\u001b[2m\u001b[0m\u001b[36mtest/param-utils.test.js\u001b[39m\u001b[0m\u001b[2m:81:22)\u001b[22m\u001b[2m\u001b[22m\n\n\u001b[1m\u001b[31m  \u001b[1m● \u001b[22m\u001b[1mParameter Utilities › generateParamDocs › should handle arrow functions\u001b[39m\u001b[22m\n\n    TypeError: Cannot read properties of undefined (reading 'simple')\n\u001b[2m\u001b[22m\n\u001b[2m    \u001b[0m \u001b[90m 69 |\u001b[39m   \u001b[36mlet\u001b[39m paramDocs \u001b[33m=\u001b[39m []\u001b[33m;\u001b[39m\u001b[22m\n\u001b[2m     \u001b[90m 70 |\u001b[39m   \u001b[22m\n\u001b[2m    \u001b[31m\u001b[1m>\u001b[22m\u001b[2m\u001b[39m\u001b[90m 71 |\u001b[39m   walk\u001b[33m.\u001b[39msimple(ast\u001b[33m,\u001b[39m {\u001b[22m\n\u001b[2m     \u001b[90m    |\u001b[39m        \u001b[31m\u001b[1m^\u001b[22m\u001b[2m\u001b[39m\u001b[22m\n\u001b[2m     \u001b[90m 72 |\u001b[39m     \u001b[33mFunctionDeclaration\u001b[39m(node) {\u001b[22m\n\u001b[2m     \u001b[90m 73 |\u001b[39m       paramDocs \u001b[33m=\u001b[39m extractParams(node)\u001b[33m.\u001b[39mmap(\u001b[22m\n\u001b[2m     \u001b[90m 74 |\u001b[39m         param \u001b[33m=>\u001b[39m \u001b[32m` * @param {${param.type}} ${param.name} - Description`\u001b[39m\u001b[0m\u001b[22m\n\u001b[2m\u001b[22m\n\u001b[2m      \u001b[2mat simple (\u001b[22m\u001b[2msrc/param-utils.js\u001b[2m:71:8)\u001b[22m\u001b[2m\u001b[22m\n\u001b[2m      \u001b[2mat Object.generateParamDocs (\u001b[22m\u001b[2m\u001b[0m\u001b[36mtest/param-utils.test.js\u001b[39m\u001b[0m\u001b[2m:89:22)\u001b[22m\u001b[2m\u001b[22m\n\n\u001b[1m\u001b[31m  \u001b[1m● \u001b[22m\u001b[1mParameter Utilities › generateParamDocs › should handle methods\u001b[39m\u001b[22m\n\n    TypeError: Cannot read properties of undefined (reading 'simple')\n\u001b[2m\u001b[22m\n\u001b[2m    \u001b[0m \u001b[90m 69 |\u001b[39m   \u001b[36mlet\u001b[39m paramDocs \u001b[33m=\u001b[39m []\u001b[33m;\u001b[39m\u001b[22m\n\u001b[2m     \u001b[90m 70 |\u001b[39m   \u001b[22m\n\u001b[2m    \u001b[31m\u001b[1m>\u001b[22m\u001b[2m\u001b[39m\u001b[90m 71 |\u001b[39m   walk\u001b[33m.\u001b[39msimple(ast\u001b[33m,\u001b[39m {\u001b[22m\n\u001b[2m     \u001b[90m    |\u001b[39m        \u001b[31m\u001b[1m^\u001b[22m\u001b[2m\u001b[39m\u001b[22m\n\u001b[2m     \u001b[90m 72 |\u001b[39m     \u001b[33mFunctionDeclaration\u001b[39m(node) {\u001b[22m\n\u001b[2m     \u001b[90m 73 |\u001b[39m       paramDocs \u001b[33m=\u001b[39m extractParams(node)\u001b[33m.\u001b[39mmap(\u001b[22m\n\u001b[2m     \u001b[90m 74 |\u001b[39m         param \u001b[33m=>\u001b[39m \u001b[32m` * @param {${param.type}} ${param.name} - Description`\u001b[39m\u001b[0m\u001b[22m\n\u001b[2m\u001b[22m\n\u001b[2m      \u001b[2mat simple (\u001b[22m\u001b[2msrc/param-utils.js\u001b[2m:71:8)\u001b[22m\u001b[2m\u001b[22m\n\u001b[2m      \u001b[2mat Object.generateParamDocs (\u001b[22m\u001b[2m\u001b[0m\u001b[36mtest/param-utils.test.js\u001b[39m\u001b[0m\u001b[2m:101:22)\u001b[22m\u001b[2m\u001b[22m\n\n\u001b[1m\u001b[31m  \u001b[1m● \u001b[22m\u001b[1mParameter Utilities › generateParamDocs › should handle complex parameter patterns\u001b[39m\u001b[22m\n\n    TypeError: Cannot read properties of undefined (reading 'simple')\n\u001b[2m\u001b[22m\n\u001b[2m    \u001b[0m \u001b[90m 69 |\u001b[39m   \u001b[36mlet\u001b[39m paramDocs \u001b[33m=\u001b[39m []\u001b[33m;\u001b[39m\u001b[22m\n\u001b[2m     \u001b[90m 70 |\u001b[39m   \u001b[22m\n\u001b[2m    \u001b[31m\u001b[1m>\u001b[22m\u001b[2m\u001b[39m\u001b[90m 71 |\u001b[39m   walk\u001b[33m.\u001b[39msimple(ast\u001b[33m,\u001b[39m {\u001b[22m\n\u001b[2m     \u001b[90m    |\u001b[39m        \u001b[31m\u001b[1m^\u001b[22m\u001b[2m\u001b[39m\u001b[22m\n\u001b[2m     \u001b[90m 72 |\u001b[39m     \u001b[33mFunctionDeclaration\u001b[39m(node) {\u001b[22m\n\u001b[2m     \u001b[90m 73 |\u001b[39m       paramDocs \u001b[33m=\u001b[39m extractParams(node)\u001b[33m.\u001b[39mmap(\u001b[22m\n\u001b[2m     \u001b[90m 74 |\u001b[39m         param \u001b[33m=>\u001b[39m \u001b[32m` * @param {${param.type}} ${param.name} - Description`\u001b[39m\u001b[0m\u001b[22m\n\u001b[2m\u001b[22m\n\u001b[2m      \u001b[2mat simple (\u001b[22m\u001b[2msrc/param-utils.js\u001b[2m:71:8)\u001b[22m\u001b[2m\u001b[22m\n\u001b[2m      \u001b[2mat Object.generateParamDocs (\u001b[22m\u001b[2m\u001b[0m\u001b[36mtest/param-utils.test.js\u001b[39m\u001b[0m\u001b[2m:116:22)\u001b[22m\u001b[2m\u001b[22m\n","name":"C:\\Users\\DELL\\OneDrive\\Documents\\code-commenter\\test\\param-utils.test.js","startTime":1750426510510,"status":"failed","summary":""}],"wasInterrupted":false}
